Vercel CLI 54.18.2 (Node.js 24.18.0)
Retrieving project…
Deploying sare2/frontend
Uploading [--------------------] (0.0B/84B)
Uploading [====================] (84.0B/84B)
  Inspect         https://vercel.com/sare2/frontend/7gjBmytxsaP43LqqXDSN5McXa5XT
  Production      https://frontend-qtfpaauu8-sare2.vercel.app
Building…
Building…
Running build in Washington, D.C., USA (East) – iad1
Build machine configuration: 2 cores, 8 GB
Retrieving list of deployment files...
Skipping build cache, deployment was triggered without cache.
Downloading 42 deployment files...
Warning: "vercel" found in project dependencies and will be ignored.
Running "vercel build"
Vercel CLI 54.17.2
Installing dependencies...
npm warn deprecated stream-to-promise@2.2.0: Deprecated. Use node:stream/promises and node:stream/consumers instead.
npm warn deprecated tar@7.5.7: Old versions of tar are not supported, and contain widely publicized security vulnerabilities, which have been fixed in the current version. Please update. Support for old versions may be purchased (at exorbitant rates) by contacting i@izs.me
npm warn deprecated recharts@2.15.4: 1.x and 2.x branches are no longer active. Bump to Recharts v3 to receive latest features and bugfixes. See https://github.com/recharts/recharts/wiki/3.0-migration-guide
added 425 packages in 15s
58 packages are looking for funding
run `npm fund` for details
Detected Next.js version: 15.5.19
Running "npm run build"
> cerdik-ai-frontend@1.0.0 build
> next build
Attention: Next.js now collects completely anonymous telemetry regarding usage.
This information is used to shape Next.js' roadmap and prioritize features.
You can learn more, including how to opt-out if you'd not like to participate in this anonymous program, by visiting the following URL:
https://nextjs.org/telemetry
▲ Next.js 15.5.19
Creating an optimized production build ...
✓ Compiled successfully in 10.0s
Linting and checking validity of types ...
Collecting page data ...
Generating static pages (0/18) ...
Generating static pages (4/18)
Generating static pages (8/18)
Generating static pages (13/18)
✓ Generating static pages (18/18)
Finalizing page optimization ...
Collecting build traces ...
Route (app)                                 Size  First Load JS
┌ ○ /                                      162 B         106 kB
├ ○ /_not-found                            994 B         103 kB
├ ○ /dashboard                           2.65 kB         132 kB
├ ○ /dashboard/akun                      2.42 kB         128 kB
├ ○ /dashboard/documents                 1.82 kB         131 kB
├ ƒ /dashboard/documents/[id]/edit       1.55 kB         131 kB
├ ○ /dashboard/exams                     1.49 kB         131 kB
├ ƒ /dashboard/exams/[id]                2.72 kB         132 kB
├ ƒ /dashboard/exams/[id]/results        1.46 kB         127 kB
├ ○ /dashboard/exams/create              1.75 kB         131 kB
├ ○ /dashboard/kisi                      2.49 kB         132 kB
├ ○ /dashboard/lkpd                       2.8 kB         132 kB
├ ○ /dashboard/modul                     4.41 kB         134 kB
├ ○ /dashboard/rpp                       3.12 kB         132 kB
├ ○ /dashboard/rubrik                     2.5 kB         132 kB
├ ○ /dashboard/siswa                     2.38 kB         135 kB
├ ○ /dashboard/soal                      4.53 kB         134 kB
├ ƒ /exams/[id]                          2.66 kB         132 kB
├ ƒ /exams/[id]/result                   1.28 kB         130 kB
├ ○ /login                                  2 kB         131 kB
├ ○ /register                             2.5 kB         132 kB
├ ƒ /ujian/[pin]                         1.42 kB         131 kB
├ ƒ /ujian/[pin]/result                  1.51 kB         131 kB
└ ƒ /ujian/[pin]/start                   2.71 kB         132 kB
+ First Load JS shared by all             102 kB
├ chunks/255-98a0bdaa30757bda.js       46.2 kB
├ chunks/4bd1b696-c023c6e3521b1417.js  54.2 kB
└ other shared chunks (total)          1.92 kB
○  (Static)   prerendered as static content
ƒ  (Dynamic)  server-rendered on demand
Traced Next.js server files in: 77.57ms
Created all serverless functions in: 183.791ms
Collected static files (public/, static/, .next/static): 12.376ms
Build Completed in /vercel/output [44s]
Deploying outputs...
Deployment completed
Creating build cache...
[2K[1A[2K[G  Production      https://frontend-qtfpaauu8-sare2.vercel.app
Completing…
▲ Aliased         https://frontend-eight-beryl-skpww037nb.vercel.app
{
  "status": "ok",
  "deployment": {
    "id": "dpl_7gjBmytxsaP43LqqXDSN5McXa5XT",
    "url": "https://frontend-qtfpaauu8-sare2.vercel.app",
    "inspectorUrl": "https://vercel.com/sare2/frontend/7gjBmytxsaP43LqqXDSN5McXa5XT",
    "readyState": "READY",
    "target": "production",
    "deploymentApiUrl": "https://api.vercel.com/v13/deployments/dpl_7gjBmytxsaP43LqqXDSN5McXa5XT"
  },
  "message": "Deployment frontend-qtfpaauu8-sare2.vercel.app ready.",
  "next": [
    {
      "command": "vercel inspect frontend-qtfpaauu8-sare2.vercel.app",
      "when": "Inspect deployment"
    },
    {
      "command": "vercel deploy --prod",
      "when": "Promote to production"
    }
  ]
}
